[2025-05-13 19:39:18.108000Z] Usuário autenticado user_id=123
[20:01:10] [35m[Deeper_Hub.Core.Logger][0m [32mTabela users já existe, pulando criação[0m
[20:01:10] [35m[Deeper_Hub.Core.Logger][0m [32mTabela sessions já existe, pulando criação[0m
[20:01:10] [35m[Deeper_Hub.Core.Logger][0m [32mBanco de dados Mnesia inicializado com sucesso[0m
[20:02:20] [35m[Deeper_Hub.Core.Logger][0m [32mTabela users já existe, pulando criação[0m
[20:02:20] [35m[Deeper_Hub.Core.Logger][0m [32mTabela sessions já existe, pulando criação[0m
[20:02:20] [35m[Deeper_Hub.Core.Logger][0m [32mBanco de dados Mnesia inicializado com sucesso[0m
[20:02:34] [35m[Deeper_Hub.Core.Logger][0m [32mTabela users já existe, pulando criação[0m
[20:02:34] [35m[Deeper_Hub.Core.Logger][0m [32mTabela sessions já existe, pulando criação[0m
[20:02:34] [35m[Deeper_Hub.Core.Logger][0m [32mBanco de dados Mnesia inicializado com sucesso[0m
[20:03:03] [35m[Logger][0m [32mTabela users já existe, pulando criação[0m
[20:03:03] [35m[Logger][0m [32mTabela sessions já existe, pulando criação[0m
[20:03:03] [35m[Logger][0m [32mBanco de dados Mnesia inicializado com sucesso[0m
[20:03:30] [35m[Process][0m [32mTabela users já existe, pulando criação[0m
[20:03:30] [35m[Process][0m [32mTabela sessions já existe, pulando criação[0m
[20:03:30] [35m[Process][0m [32mBanco de dados Mnesia inicializado com sucesso[0m
[20:04:04] [35m[Process][0m [32mTabela users já existe, pulando criação[0m
[20:04:04] [35m[Process][0m [32mTabela sessions já existe, pulando criação[0m
[20:04:04] [35m[Process][0m [32mBanco de dados Mnesia inicializado com sucesso[0m
[20:04:31] [35m[Database][0m [32mTabela users já existe, pulando criação[0m
[20:04:31] [35m[Database][0m [32mTabela sessions já existe, pulando criação[0m
[20:04:31] [35m[Database][0m [32mBanco de dados Mnesia inicializado com sucesso[0m
[20:05:03] [35m[Deeper_Hub.Core.Data.Database][0m [32mTabela users já existe, pulando criação[0m
[20:05:03] [35m[Deeper_Hub.Core.Data.Database][0m [32mTabela sessions já existe, pulando criação[0m
[20:05:03] [35m[Deeper_Hub.Core.Data.Database][0m [32mBanco de dados Mnesia inicializado com sucesso[0m
[20:05:32] [35m[Deeper_Hub.Core.Data.Database][0m [32mTabela users já existe, pulando criação[0m
[20:05:32] [35m[Deeper_Hub.Core.Data.Database][0m [32mTabela sessions já existe, pulando criação[0m
[20:05:32] [35m[Deeper_Hub.Core.Data.Database][0m [32mBanco de dados Mnesia inicializado com sucesso[0m
