[2025-05-13 19:39:44.465000Z] Falha na conexão com o banco de dados 
[2025-05-13 19:42:06Z] [35m[Deeper_Hub.Core.Logger][0m Falha na conexão com o banco de dados 
[2025-05-13 19:43:21Z] [35m[Deeper_Hub.Core.Logger][0m [36mFalha na conexão com o banco de dados[0m 
[2025-05-13 19:43:55Z] [35m[Deeper_Hub.Core.Logger][0m [36mFalha na conexão com o banco de dados[0m 
[19:43:58.722000] [35m[Deeper_Hub.Core.Logger][0m [36mFalha na conexão com o banco de dados[0m 
[19:44:32] [35m[Deeper_Hub.Core.Logger][0m [36mFalha na conexão com o banco de dados[0m 
[19:45:45] [35m[Deeper_Hub.Core.Logger][0m [36mFalha na conexão com o banco de dados[0m 
[19:45:48] [35m[Deeper_Hub.Core.Logger][0m [36mFalha na conexão com o banco de dados[0m 
[19:46:05] [35m[Deeper_Hub.Core.Logger][0m [36mFalha na conexão com o banco de dados[0m 
[19:47:20] [35m[Deeper_Hub.Core.Logger][0m [36mFalha na conexão com o banco de dados[0m 
[20:58:52] [35m[Deeper_Hub.Core.Data.Repository][0m [36mConstruído match_spec para all/1: [{{:users, :_, :_, :_, :_, :_}, [], [:"$_"]}][0m
[20:58:53] [35m[Deeper_Hub.Core.Data.Repository][0m [36mConstruído match_spec para all/1: [{{:users, :_, :_, :_, :_, :_}, [], [:"$_"]}][0m
[20:58:53] [35m[Deeper_Hub.Core.Data.Repository][0m [36mConstruído match_spec para all/1: [{{:users, :_, :_, :_, :_, :_}, [], [:"$_"]}][0m
[20:58:53] [35m[Deeper_Hub.Core.Data.Repository][0m [36mConstruído match_spec para all/1: [{{:users, :_, :_, :_, :_, :_}, [], [:"$_"]}][0m
[20:58:53] [35m[Deeper_Hub.Core.Data.Repository][0m [36mConstruído match_spec para all/1: [{{:users, :_, :_, :_, :_, :_}, [], [:"$_"]}][0m
[20:58:53] [35m[Deeper_Hub.Core.Data.Repository][0m [36mConstruído match_spec para all/1: [{{:users, :_, :_, :_, :_, :_}, [], [:"$_"]}][0m
[20:58:53] [35m[Deeper_Hub.Core.Data.Repository][0m [36mConstruído match_spec para all/1: [{{:users, :_, :_, :_, :_, :_}, [], [:"$_"]}][0m
[20:58:53] [35m[Deeper_Hub.Core.Data.Repository][0m [36mConstruído match_spec para all/1: [{{:users, :_, :_, :_, :_, :_}, [], [:"$_"]}][0m
[21:03:01] [35m[Deeper_Hub.Core.Data.Repository][0m [36mBuscando todos os registros da tabela tabela_nao_existe[0m
[21:19:00] [35m[Deeper_Hub.Core.Data.Repository][0m [36mBuscando todos os registros da tabela users[0m
[21:19:00] [35m[Deeper_Hub.Core.Data.Repository][0m [36mConstruído match_spec para all/1: [{{{:users, :_, :_, :_, :_, :_}, [], [:"$_"]}}][0m
[21:19:30] [35m[Deeper_Hub.Core.Data.Repository][0m [36mBuscando todos os registros da tabela users[0m
[21:19:30] [35m[Deeper_Hub.Core.Data.Repository][0m [36mConstruído match_spec para all/1: [{{{:users, :_, :_, :_, :_, :_}, [], [:"$_"]}}][0m
[21:19:58] [35m[Deeper_Hub.Core.Data.Repository][0m [36mBuscando todos os registros da tabela users[0m
[21:19:58] [35m[Deeper_Hub.Core.Data.Repository][0m [36mConstruído match_spec para all/1: [{{{:users, :_, :_, :_, :_, :_}, [], [:"$_"]}}][0m
[21:20:19] [35m[Deeper_Hub.Core.Data.Repository][0m [36mBuscando todos os registros da tabela tabela_que_nao_existe[0m
[21:23:28] [35m[Deeper_Hub.Core.Data.Repository][0m [36mBuscando todos os registros da tabela users[0m
[21:23:28] [35m[Deeper_Hub.Core.Data.Repository][0m [36mConstruído match_spec para all/1: [{{{:users, :_, :_, :_, :_, :_}, [], [:"$_"]}}][0m
[21:23:28] [35m[Deeper_Hub.Core.Data.Repository][0m [36mBuscando todos os registros da tabela users[0m
[21:23:28] [35m[Deeper_Hub.Core.Data.Repository][0m [36mConstruído match_spec para all/1: [{{{:users, :_, :_, :_, :_, :_}, [], [:"$_"]}}][0m
[21:23:28] [35m[Deeper_Hub.Core.Data.Repository][0m [36mBuscando todos os registros da tabela users[0m
[21:23:28] [35m[Deeper_Hub.Core.Data.Repository][0m [36mConstruído match_spec para all/1: [{{{:users, :_, :_, :_, :_, :_}, [], [:"$_"]}}][0m
[21:23:28] [35m[Deeper_Hub.Core.Data.Repository][0m [36mBuscando todos os registros da tabela users[0m
[21:23:28] [35m[Deeper_Hub.Core.Data.Repository][0m [36mConstruído match_spec para all/1: [{{{:users, :_, :_, :_, :_, :_}, [], [:"$_"]}}][0m
[21:23:28] [35m[Deeper_Hub.Core.Data.Repository][0m [36mBuscando todos os registros da tabela users[0m
[21:23:28] [35m[Deeper_Hub.Core.Data.Repository][0m [36mConstruído match_spec para all/1: [{{{:users, :_, :_, :_, :_, :_}, [], [:"$_"]}}][0m
[21:23:28] [35m[Deeper_Hub.Core.Data.Repository][0m [36mBuscando todos os registros da tabela users[0m
[21:23:28] [35m[Deeper_Hub.Core.Data.Repository][0m [36mConstruído match_spec para all/1: [{{{:users, :_, :_, :_, :_, :_}, [], [:"$_"]}}][0m
[21:23:28] [35m[Deeper_Hub.Core.Data.Repository][0m [36mBuscando todos os registros da tabela users[0m
[21:23:28] [35m[Deeper_Hub.Core.Data.Repository][0m [36mConstruído match_spec para all/1: [{{{:users, :_, :_, :_, :_, :_}, [], [:"$_"]}}][0m
[21:23:28] [35m[Deeper_Hub.Core.Data.Repository][0m [36mBuscando todos os registros da tabela users[0m
[21:23:28] [35m[Deeper_Hub.Core.Data.Repository][0m [36mConstruído match_spec para all/1: [{{{:users, :_, :_, :_, :_, :_}, [], [:"$_"]}}][0m
[21:23:28] [35m[Deeper_Hub.Core.Data.Repository][0m [36mBuscando todos os registros da tabela tabela_nao_existe[0m
[21:24:14] [35m[Deeper_Hub.Core.Data.Repository][0m [36mBuscando todos os registros da tabela users[0m
[21:24:14] [35m[Deeper_Hub.Core.Data.Repository][0m [36mConstruído match_spec para all/1: [{{{:users, :_, :_, :_, :_, :_}, [], [:"$_"]}}][0m
[21:25:33] [35m[Deeper_Hub.Core.Data.Repository][0m [36mBuscando todos os registros da tabela users[0m
[21:25:33] [35m[Deeper_Hub.Core.Data.Repository][0m [36mConstruído match_spec para all/1: [{{{:users, :_, :_, :_, :_, :_}, [], [:"$_"]}}][0m
[21:25:33] [35m[Deeper_Hub.Core.Data.Repository][0m [36mBuscando todos os registros da tabela users[0m
[21:25:33] [35m[Deeper_Hub.Core.Data.Repository][0m [36mConstruído match_spec para all/1: [{{{:users, :_, :_, :_, :_, :_}, [], [:"$_"]}}][0m
[21:25:33] [35m[Deeper_Hub.Core.Data.Repository][0m [36mBuscando todos os registros da tabela users[0m
[21:25:33] [35m[Deeper_Hub.Core.Data.Repository][0m [36mConstruído match_spec para all/1: [{{{:users, :_, :_, :_, :_, :_}, [], [:"$_"]}}][0m
[21:25:33] [35m[Deeper_Hub.Core.Data.Repository][0m [36mBuscando todos os registros da tabela users[0m
[21:25:33] [35m[Deeper_Hub.Core.Data.Repository][0m [36mConstruído match_spec para all/1: [{{{:users, :_, :_, :_, :_, :_}, [], [:"$_"]}}][0m
[21:25:33] [35m[Deeper_Hub.Core.Data.Repository][0m [36mBuscando todos os registros da tabela users[0m
[21:25:33] [35m[Deeper_Hub.Core.Data.Repository][0m [36mConstruído match_spec para all/1: [{{{:users, :_, :_, :_, :_, :_}, [], [:"$_"]}}][0m
[21:25:33] [35m[Deeper_Hub.Core.Data.Repository][0m [36mBuscando todos os registros da tabela users[0m
[21:25:33] [35m[Deeper_Hub.Core.Data.Repository][0m [36mConstruído match_spec para all/1: [{{{:users, :_, :_, :_, :_, :_}, [], [:"$_"]}}][0m
[21:25:33] [35m[Deeper_Hub.Core.Data.Repository][0m [36mBuscando todos os registros da tabela users[0m
[21:25:33] [35m[Deeper_Hub.Core.Data.Repository][0m [36mConstruído match_spec para all/1: [{{{:users, :_, :_, :_, :_, :_}, [], [:"$_"]}}][0m
[21:25:33] [35m[Deeper_Hub.Core.Data.Repository][0m [36mBuscando todos os registros da tabela users[0m
[21:25:33] [35m[Deeper_Hub.Core.Data.Repository][0m [36mConstruído match_spec para all/1: [{{{:users, :_, :_, :_, :_, :_}, [], [:"$_"]}}][0m
[21:25:34] [35m[Deeper_Hub.Core.Data.Repository][0m [36mBuscando todos os registros da tabela tabela_nao_existe[0m
[21:26:05] [35m[Deeper_Hub.Core.Data.Repository][0m [36mBuscando todos os registros da tabela users[0m
[21:26:05] [35m[Deeper_Hub.Core.Data.Repository][0m [36mConstruído match_spec para all/1: [{{{:users, :_, :_, :_, :_, :_}, [], [:"$_"]}}][0m
[21:26:25] [35m[Deeper_Hub.Core.Data.Repository][0m [36mBuscando todos os registros da tabela users[0m
[21:26:25] [35m[Deeper_Hub.Core.Data.Repository][0m [36mConstruído match_spec para all/1: [{{{:users, :_, :_, :_, :_, :_}, [], [:"$_"]}}][0m
[21:26:59] [35m[Deeper_Hub.Core.Data.Repository][0m [36mBuscando todos os registros da tabela users[0m
[21:26:59] [35m[Deeper_Hub.Core.Data.Repository][0m [36mConstruído match_spec para all/1: [{{{:users, :_, :_, :_, :_, :_}, [], [:"$_"]}}][0m
[21:27:26] [35m[Deeper_Hub.Core.Data.Repository][0m [36mBuscando todos os registros da tabela users[0m
[21:27:26] [35m[Deeper_Hub.Core.Data.Repository][0m [36mConstruído match_spec para all/1: [{{{:users, :_, :_, :_, :_, :_}, [], [:"$_"]}}][0m
[21:27:33] [35m[Deeper_Hub.Core.Data.Repository][0m [36mBuscando todos os registros da tabela users[0m
[21:27:33] [35m[Deeper_Hub.Core.Data.Repository][0m [36mConstruído match_spec para all/1: [{{{:users, :_, :_, :_, :_, :_}, [], [:"$_"]}}][0m
[21:27:39] [35m[Deeper_Hub.Core.Data.Repository][0m [36mBuscando todos os registros da tabela users[0m
[21:27:39] [35m[Deeper_Hub.Core.Data.Repository][0m [36mConstruído match_spec para all/1: [{{{:users, :_, :_, :_, :_, :_}, [], [:"$_"]}}][0m
[21:31:22] [35m[Deeper_Hub.Core.Data.Repository][0m [36mBuscando todos os registros da tabela users[0m
[21:31:22] [35m[Deeper_Hub.Core.Data.Repository][0m [36mConstruído match_spec para all/1: [{{{:users, :_, :_, :_, :_, :_}, [], [:"$_"]}}][0m
[21:33:29] [35m[Deeper_Hub.Core.Data.Repository][0m [36m[TRACE] Iniciando Repository.all/1 para tabela: :users[0m
[21:33:29] [35m[Deeper_Hub.Core.Data.Repository][0m [36m[TRACE] Dentro da transação para Repository.all/1[0m
[21:33:29] [35m[Deeper_Hub.Core.Data.Repository][0m [36m[TRACE] table_info(:record_name) OK: :users[0m
[21:33:29] [35m[Deeper_Hub.Core.Data.Repository][0m [36m[TRACE] table_info(:arity) OK: 6[0m
[21:33:29] [35m[Deeper_Hub.Core.Data.Repository][0m [36m[TRACE] Match spec construída: [{{{:users, :_, :_, :_, :_, :_}, [], [:"$_"]}}][0m
[21:33:29] [35m[Deeper_Hub.Core.Data.Repository][0m [36m[TRACE] Resultado da transação: {:aborted, {:badarg, [:users, [{{{:users, :_, :_, :_, :_, :_}, [], [:"$_"]}}]]}}[0m
[21:35:39] [35m[Deeper_Hub.Core.Data.Repository][0m [36m[TRACE] Iniciando Repository.all/1 para tabela: :users[0m
[21:35:39] [35m[Deeper_Hub.Core.Data.Repository][0m [36m[TRACE] Dentro da transação para Repository.all/1[0m
[21:35:39] [35m[Deeper_Hub.Core.Data.Repository][0m [36m[TRACE] table_info(:record_name) OK: :users[0m
[21:35:39] [35m[Deeper_Hub.Core.Data.Repository][0m [36m[TRACE] table_info(:arity) OK: 6[0m
[21:35:39] [35m[Deeper_Hub.Core.Data.Repository][0m [36m[TRACE] Match spec construída: [{{{:users, :_, :_, :_, :_, :_}, [], [:"$_"]}}][0m
[21:35:39] [35m[Deeper_Hub.Core.Data.Repository][0m [36m[TRACE] Resultado final da transação: {:aborted, {:select_failed, "{:exit, {:aborted, {:badarg, [:users, [{{{:users, :_, :_, :_, :_, :_}, [], [:\"$_\"]}}]]}}}"}}[0m
[21:48:56] [35m[Deeper_Hub.Core.Data.Repository][0m [36m[TRACE] Iniciando Repository.all/1 para tabela: :users[0m
[21:48:56] [35m[Deeper_Hub.Core.Data.Repository][0m [36m[TRACE] Dentro da transação para Repository.all/1[0m
[21:48:56] [35m[Deeper_Hub.Core.Data.Repository][0m [36m[TRACE] table_info(:record_name) OK: :users[0m
[21:48:56] [35m[Deeper_Hub.Core.Data.Repository][0m [36m[TRACE] table_info(:arity) OK: 6[0m
[21:48:56] [35m[Deeper_Hub.Core.Data.Repository][0m [36m[TRACE] Match spec construída: [{{{:users, :_, :_, :_, :_, :_}, [], [:"$0"]}}][0m
[21:48:56] [35m[Deeper_Hub.Core.Data.Repository][0m [36m[TRACE] Resultado final da transação: {:aborted, {:select_failed, :exit, {:aborted, {:badarg, [:users, [{{{:users, :_, :_, :_, :_, :_}, [], [:"$0"]}}]]}}, [{:mnesia, :abort, 1, [file: ~c"mnesia.erl", line: 683]}, {Deeper_Hub.Core.Data.Repository, :"-all/1-fun-0-", 1, [file: ~c"lib/Deeper_Hub/Core/Data/repository.ex", line: 253]}, {:mnesia_tm, :apply_fun, 3, [file: ~c"mnesia_tm.erl", line: 890]}, {:mnesia_tm, :execute_transaction, 5, [file: ~c"mnesia_tm.erl", line: 866]}, {Deeper_Hub.Core.Data.Repository, :all, 1, [file: ~c"lib/Deeper_Hub/Core/Data/repository.ex", line: 237]}, {:elixir, :eval_external_handler, 3, [file: ~c"src/elixir.erl", line: 386]}, {:erl_eval, :do_apply, 7, [file: ~c"erl_eval.erl", line: 919]}, {:elixir, :eval_forms, 4, [file: ~c"src/elixir.erl", line: 364]}]}}[0m
[21:49:30] [35m[Deeper_Hub.Core.Data.Repository][0m [36m[TRACE] Iniciando Repository.all/1 para tabela: :users[0m
[21:49:30] [35m[Deeper_Hub.Core.Data.Repository][0m [36m[TRACE] Dentro da transação para Repository.all/1[0m
[21:49:30] [35m[Deeper_Hub.Core.Data.Repository][0m [36m[TRACE] table_info(:record_name) OK: :users[0m
[21:49:30] [35m[Deeper_Hub.Core.Data.Repository][0m [36m[TRACE] table_info(:arity) OK: 6[0m
[21:49:30] [35m[Deeper_Hub.Core.Data.Repository][0m [36m[TRACE] Match spec construída: [{{{:users, :_, :_, :_, :_, :_}, [], [:"$0"]}}][0m
[21:49:30] [35m[Deeper_Hub.Core.Data.Repository][0m [36m[TRACE] Resultado final da transação: {:aborted, {:select_failed, :exit, {:aborted, {:badarg, [:users, [{{{:users, :_, :_, :_, :_, :_}, [], [:"$0"]}}]]}}, [{:mnesia, :abort, 1, [file: ~c"mnesia.erl", line: 683]}, {Deeper_Hub.Core.Data.Repository, :"-all/1-fun-0-", 1, [file: ~c"lib/Deeper_Hub/Core/Data/repository.ex", line: 253]}, {:mnesia_tm, :apply_fun, 3, [file: ~c"mnesia_tm.erl", line: 890]}, {:mnesia_tm, :execute_transaction, 5, [file: ~c"mnesia_tm.erl", line: 866]}, {Deeper_Hub.Core.Data.Repository, :all, 1, [file: ~c"lib/Deeper_Hub/Core/Data/repository.ex", line: 237]}, {:elixir, :eval_external_handler, 3, [file: ~c"src/elixir.erl", line: 386]}, {:erl_eval, :do_apply, 7, [file: ~c"erl_eval.erl", line: 919]}, {:elixir, :eval_forms, 4, [file: ~c"src/elixir.erl", line: 364]}]}}[0m
[21:50:12] [35m[Deeper_Hub.Core.Data.Repository][0m [36m[TRACE] Iniciando Repository.all/1 para tabela: :users[0m
[21:50:12] [35m[Deeper_Hub.Core.Data.Repository][0m [36m[TRACE] Dentro da transação para Repository.all/1[0m
[21:50:12] [35m[Deeper_Hub.Core.Data.Repository][0m [36m[TRACE] table_info(:record_name) OK: :users[0m
[21:50:12] [35m[Deeper_Hub.Core.Data.Repository][0m [36m[TRACE] table_info(:arity) OK: 6[0m
[21:50:12] [35m[Deeper_Hub.Core.Data.Repository][0m [36m[TRACE] Aridade da tabela: 6, Match head: {:_, :_, :_, :_, :_, :_}[0m
[21:50:12] [35m[Deeper_Hub.Core.Data.Repository][0m [36m[TRACE] Match spec construída: [{{:_, :_, :_, :_, :_, :_}, [], [:"$_"]}][0m
[21:50:12] [35m[Deeper_Hub.Core.Data.Repository][0m [36m[TRACE] :mnesia.select/2 retornou (sucesso presumido): [{:users, 1, "test_trace", "trace@ex.com", "hash_tr", ~U[2025-05-13 21:48:20.531000Z]}][0m
[21:50:12] [35m[Deeper_Hub.Core.Data.Repository][0m [36m[TRACE] Resultado final da transação: {:atomic, [{:users, 1, "test_trace", "trace@ex.com", "hash_tr", ~U[2025-05-13 21:48:20.531000Z]}]}[0m
[21:50:12] [35m[Deeper_Hub.Core.Data.Repository][0m [36m[TRACE] Transação bem-sucedida. Registros: [{:users, 1, "test_trace", "trace@ex.com", "hash_tr", ~U[2025-05-13 21:48:20.531000Z]}][0m
[21:55:55] [35m[Deeper_Hub.Core.Data.Repository][0m [36m[TRACE] Iniciando Repository.all/1 para tabela: :users[0m
[21:55:55] [35m[Deeper_Hub.Core.Data.Repository][0m [36m[TRACE] Dentro da transação para Repository.all/1[0m
[21:55:55] [35m[Deeper_Hub.Core.Data.Repository][0m [36m[TRACE] table_info(:record_name) OK: :users[0m
[21:55:55] [35m[Deeper_Hub.Core.Data.Repository][0m [36m[TRACE] table_info(:arity) OK: 6[0m
[21:55:55] [35m[Deeper_Hub.Core.Data.Repository][0m [36m[TRACE] Aridade da tabela: 6, Match head: {:_, :_, :_, :_, :_, :_}[0m
[21:55:55] [35m[Deeper_Hub.Core.Data.Repository][0m [36m[TRACE] Match spec construída: [{{:_, :_, :_, :_, :_, :_}, [], [:"$_"]}][0m
[21:55:55] [35m[Deeper_Hub.Core.Data.Repository][0m [36m[TRACE] :mnesia.select/2 retornou (sucesso presumido): [{:users, 1, "alice", "alice@example.com", "hash_alice", ~U[2025-05-13 21:54:07.497000Z]}, {:users, 3, "charlie", "charlie@example.com", "hash_charlie", ~U[2025-05-13 21:55:27.949000Z]}, {:users, 2, "bob", "bob@example.com", "hash_bob", ~U[2025-05-13 21:54:17.121000Z]}][0m
[21:55:55] [35m[Deeper_Hub.Core.Data.Repository][0m [36m[TRACE] Resultado final da transação: {:atomic, [{:users, 1, "alice", "alice@example.com", "hash_alice", ~U[2025-05-13 21:54:07.497000Z]}, {:users, 3, "charlie", "charlie@example.com", "hash_charlie", ~U[2025-05-13 21:55:27.949000Z]}, {:users, 2, "bob", "bob@example.com", "hash_bob", ~U[2025-05-13 21:54:17.121000Z]}]}[0m
[21:55:55] [35m[Deeper_Hub.Core.Data.Repository][0m [36m[TRACE] Transação bem-sucedida. Registros: [{:users, 1, "alice", "alice@example.com", "hash_alice", ~U[2025-05-13 21:54:07.497000Z]}, {:users, 3, "charlie", "charlie@example.com", "hash_charlie", ~U[2025-05-13 21:55:27.949000Z]}, {:users, 2, "bob", "bob@example.com", "hash_bob", ~U[2025-05-13 21:54:17.121000Z]}][0m
[21:56:47] [35m[Deeper_Hub.Core.Data.Repository][0m [36m[TRACE] Iniciando Repository.all/1 para tabela: :users[0m
[21:56:47] [35m[Deeper_Hub.Core.Data.Repository][0m [36m[TRACE] Dentro da transação para Repository.all/1[0m
[21:56:47] [35m[Deeper_Hub.Core.Data.Repository][0m [36m[TRACE] table_info(:record_name) OK: :users[0m
[21:56:47] [35m[Deeper_Hub.Core.Data.Repository][0m [36m[TRACE] table_info(:arity) OK: 6[0m
[21:56:47] [35m[Deeper_Hub.Core.Data.Repository][0m [36m[TRACE] Aridade da tabela: 6, Match head: {:_, :_, :_, :_, :_, :_}[0m
[21:56:47] [35m[Deeper_Hub.Core.Data.Repository][0m [36m[TRACE] Match spec construída: [{{:_, :_, :_, :_, :_, :_}, [], [:"$_"]}][0m
[21:56:47] [35m[Deeper_Hub.Core.Data.Repository][0m [36m[TRACE] :mnesia.select/2 retornou (sucesso presumido): [{:users, 1, "alice_updated", "alice.new@example.com", "new_hash_alice", ~U[2025-05-13 21:56:19.349000Z]}, {:users, 2, "bob", "bob@example.com", "hash_bob", ~U[2025-05-13 21:54:17.121000Z]}][0m
[21:56:47] [35m[Deeper_Hub.Core.Data.Repository][0m [36m[TRACE] Resultado final da transação: {:atomic, [{:users, 1, "alice_updated", "alice.new@example.com", "new_hash_alice", ~U[2025-05-13 21:56:19.349000Z]}, {:users, 2, "bob", "bob@example.com", "hash_bob", ~U[2025-05-13 21:54:17.121000Z]}]}[0m
[21:56:47] [35m[Deeper_Hub.Core.Data.Repository][0m [36m[TRACE] Transação bem-sucedida. Registros: [{:users, 1, "alice_updated", "alice.new@example.com", "new_hash_alice", ~U[2025-05-13 21:56:19.349000Z]}, {:users, 2, "bob", "bob@example.com", "hash_bob", ~U[2025-05-13 21:54:17.121000Z]}][0m
[21:57:01] [35m[Deeper_Hub.Core.Data.Repository][0m [36m[TRACE] Iniciando Repository.all/1 para tabela: :users[0m
[21:57:01] [35m[Deeper_Hub.Core.Data.Repository][0m [36m[TRACE] Dentro da transação para Repository.all/1[0m
[21:57:01] [35m[Deeper_Hub.Core.Data.Repository][0m [36m[TRACE] table_info(:record_name) OK: :users[0m
[21:57:01] [35m[Deeper_Hub.Core.Data.Repository][0m [36m[TRACE] table_info(:arity) OK: 6[0m
[21:57:01] [35m[Deeper_Hub.Core.Data.Repository][0m [36m[TRACE] Aridade da tabela: 6, Match head: {:_, :_, :_, :_, :_, :_}[0m
[21:57:01] [35m[Deeper_Hub.Core.Data.Repository][0m [36m[TRACE] Match spec construída: [{{:_, :_, :_, :_, :_, :_}, [], [:"$_"]}][0m
[21:57:01] [35m[Deeper_Hub.Core.Data.Repository][0m [36m[TRACE] :mnesia.select/2 retornou (sucesso presumido): [{:users, 14, "user14", "user14@example.com", "hash_user14", ~U[2025-05-13 21:56:56.100000Z]}, {:users, 9, "user9", "user9@example.com", "hash_user9", ~U[2025-05-13 21:56:56.064000Z]}, {:users, 8, "user8", "user8@example.com", "hash_user8", ~U[2025-05-13 21:56:56.051000Z]}, {:users, 1, "alice_updated", "alice.new@example.com", "new_hash_alice", ~U[2025-05-13 21:56:19.349000Z]}, {:users, 7, "user7", "user7@example.com", "hash_user7", ~U[2025-05-13 21:56:56.041000Z]}, {:users, 4, "user4", "user4@example.com", "hash_user4", ~U[2025-05-13 21:56:56.018000Z]}, {:users, 6, "user6", "user6@example.com", "hash_user6", ~U[2025-05-13 21:56:56.032000Z]}, {:users, 12, "user12", "user12@example.com", "hash_user12", ~U[2025-05-13 21:56:56.084000Z]}, {:users, 2, "bob", "bob@example.com", "hash_bob", ~U[2025-05-13 21:54:17.121000Z]}, {:users, 11, "user11", "user11@example.com", "hash_user11", ~U[2025-05-13 21:56:56.076000Z]}, {:users, 15, "user15", "user15@example.com", "hash_user15", ~U[2025-05-13 21:56:56.108000Z]}, {:users, 10, "user10", "user10@example.com", "hash_user10", ~U[2025-05-13 21:56:56.071000Z]}, {:users, 13, "user13", "user13@example.com", "hash_user13", ~U[2025-05-13 21:56:56.095000Z]}, {:users, 5, "user5", "user5@example.com", "hash_user5", ~U[2025-05-13 21:56:56.026000Z]}][0m
[21:57:01] [35m[Deeper_Hub.Core.Data.Repository][0m [36m[TRACE] Resultado final da transação: {:atomic, [{:users, 14, "user14", "user14@example.com", "hash_user14", ~U[2025-05-13 21:56:56.100000Z]}, {:users, 9, "user9", "user9@example.com", "hash_user9", ~U[2025-05-13 21:56:56.064000Z]}, {:users, 8, "user8", "user8@example.com", "hash_user8", ~U[2025-05-13 21:56:56.051000Z]}, {:users, 1, "alice_updated", "alice.new@example.com", "new_hash_alice", ~U[2025-05-13 21:56:19.349000Z]}, {:users, 7, "user7", "user7@example.com", "hash_user7", ~U[2025-05-13 21:56:56.041000Z]}, {:users, 4, "user4", "user4@example.com", "hash_user4", ~U[2025-05-13 21:56:56.018000Z]}, {:users, 6, "user6", "user6@example.com", "hash_user6", ~U[2025-05-13 21:56:56.032000Z]}, {:users, 12, "user12", "user12@example.com", "hash_user12", ~U[2025-05-13 21:56:56.084000Z]}, {:users, 2, "bob", "bob@example.com", "hash_bob", ~U[2025-05-13 21:54:17.121000Z]}, {:users, 11, "user11", "user11@example.com", "hash_user11", ~U[2025-05-13 21:56:56.076000Z]}, {:users, 15, "user15", "user15@example.com", "hash_user15", ~U[2025-05-13 21:56:56.108000Z]}, {:users, 10, "user10", "user10@example.com", "hash_user10", ~U[2025-05-13 21:56:56.071000Z]}, {:users, 13, "user13", "user13@example.com", "hash_user13", ~U[2025-05-13 21:56:56.095000Z]}, {:users, 5, "user5", "user5@example.com", "hash_user5", ~U[2025-05-13 21:56:56.026000Z]}]}[0m
[21:57:01] [35m[Deeper_Hub.Core.Data.Repository][0m [36m[TRACE] Transação bem-sucedida. Registros: [{:users, 14, "user14", "user14@example.com", "hash_user14", ~U[2025-05-13 21:56:56.100000Z]}, {:users, 9, "user9", "user9@example.com", "hash_user9", ~U[2025-05-13 21:56:56.064000Z]}, {:users, 8, "user8", "user8@example.com", "hash_user8", ~U[2025-05-13 21:56:56.051000Z]}, {:users, 1, "alice_updated", "alice.new@example.com", "new_hash_alice", ~U[2025-05-13 21:56:19.349000Z]}, {:users, 7, "user7", "user7@example.com", "hash_user7", ~U[2025-05-13 21:56:56.041000Z]}, {:users, 4, "user4", "user4@example.com", "hash_user4", ~U[2025-05-13 21:56:56.018000Z]}, {:users, 6, "user6", "user6@example.com", "hash_user6", ~U[2025-05-13 21:56:56.032000Z]}, {:users, 12, "user12", "user12@example.com", "hash_user12", ~U[2025-05-13 21:56:56.084000Z]}, {:users, 2, "bob", "bob@example.com", "hash_bob", ~U[2025-05-13 21:54:17.121000Z]}, {:users, 11, "user11", "user11@example.com", "hash_user11", ~U[2025-05-13 21:56:56.076000Z]}, {:users, 15, "user15", "user15@example.com", "hash_user15", ~U[2025-05-13 21:56:56.108000Z]}, {:users, 10, "user10", "user10@example.com", "hash_user10", ~U[2025-05-13 21:56:56.071000Z]}, {:users, 13, "user13", "user13@example.com", "hash_user13", ~U[2025-05-13 21:56:56.095000Z]}, {:users, 5, "user5", "user5@example.com", "hash_user5", ~U[2025-05-13 21:56:56.026000Z]}][0m
[21:57:08] [35m[Deeper_Hub.Core.Data.Repository][0m [36m[TRACE] Iniciando Repository.all/1 para tabela: :users[0m
[21:57:08] [35m[Deeper_Hub.Core.Data.Repository][0m [36m[TRACE] Dentro da transação para Repository.all/1[0m
[21:57:08] [35m[Deeper_Hub.Core.Data.Repository][0m [36m[TRACE] table_info(:record_name) OK: :users[0m
[21:57:08] [35m[Deeper_Hub.Core.Data.Repository][0m [36m[TRACE] table_info(:arity) OK: 6[0m
[21:57:08] [35m[Deeper_Hub.Core.Data.Repository][0m [36m[TRACE] Aridade da tabela: 6, Match head: {:_, :_, :_, :_, :_, :_}[0m
[21:57:08] [35m[Deeper_Hub.Core.Data.Repository][0m [36m[TRACE] Match spec construída: [{{:_, :_, :_, :_, :_, :_}, [], [:"$_"]}][0m
[21:57:08] [35m[Deeper_Hub.Core.Data.Repository][0m [36m[TRACE] :mnesia.select/2 retornou (sucesso presumido): [{:users, 14, "user14", "user14@example.com", "hash_user14", ~U[2025-05-13 21:56:56.100000Z]}, {:users, 9, "user9", "user9@example.com", "hash_user9", ~U[2025-05-13 21:56:56.064000Z]}, {:users, 8, "user8", "user8@example.com", "hash_user8", ~U[2025-05-13 21:56:56.051000Z]}, {:users, 1, "alice_updated", "alice.new@example.com", "new_hash_alice", ~U[2025-05-13 21:56:19.349000Z]}, {:users, 7, "user7", "user7@example.com", "hash_user7", ~U[2025-05-13 21:56:56.041000Z]}, {:users, 4, "user4", "user4@example.com", "hash_user4", ~U[2025-05-13 21:56:56.018000Z]}, {:users, 6, "user6", "user6@example.com", "hash_user6", ~U[2025-05-13 21:56:56.032000Z]}, {:users, 12, "user12", "user12@example.com", "hash_user12", ~U[2025-05-13 21:56:56.084000Z]}, {:users, 2, "bob", "bob@example.com", "hash_bob", ~U[2025-05-13 21:54:17.121000Z]}, {:users, 11, "user11", "user11@example.com", "hash_user11", ~U[2025-05-13 21:56:56.076000Z]}, {:users, 15, "user15", "user15@example.com", "hash_user15", ~U[2025-05-13 21:56:56.108000Z]}, {:users, 10, "user10", "user10@example.com", "hash_user10", ~U[2025-05-13 21:56:56.071000Z]}, {:users, 13, "user13", "user13@example.com", "hash_user13", ~U[2025-05-13 21:56:56.095000Z]}, {:users, 5, "user5", "user5@example.com", "hash_user5", ~U[2025-05-13 21:56:56.026000Z]}][0m
[21:57:08] [35m[Deeper_Hub.Core.Data.Repository][0m [36m[TRACE] Resultado final da transação: {:atomic, [{:users, 14, "user14", "user14@example.com", "hash_user14", ~U[2025-05-13 21:56:56.100000Z]}, {:users, 9, "user9", "user9@example.com", "hash_user9", ~U[2025-05-13 21:56:56.064000Z]}, {:users, 8, "user8", "user8@example.com", "hash_user8", ~U[2025-05-13 21:56:56.051000Z]}, {:users, 1, "alice_updated", "alice.new@example.com", "new_hash_alice", ~U[2025-05-13 21:56:19.349000Z]}, {:users, 7, "user7", "user7@example.com", "hash_user7", ~U[2025-05-13 21:56:56.041000Z]}, {:users, 4, "user4", "user4@example.com", "hash_user4", ~U[2025-05-13 21:56:56.018000Z]}, {:users, 6, "user6", "user6@example.com", "hash_user6", ~U[2025-05-13 21:56:56.032000Z]}, {:users, 12, "user12", "user12@example.com", "hash_user12", ~U[2025-05-13 21:56:56.084000Z]}, {:users, 2, "bob", "bob@example.com", "hash_bob", ~U[2025-05-13 21:54:17.121000Z]}, {:users, 11, "user11", "user11@example.com", "hash_user11", ~U[2025-05-13 21:56:56.076000Z]}, {:users, 15, "user15", "user15@example.com", "hash_user15", ~U[2025-05-13 21:56:56.108000Z]}, {:users, 10, "user10", "user10@example.com", "hash_user10", ~U[2025-05-13 21:56:56.071000Z]}, {:users, 13, "user13", "user13@example.com", "hash_user13", ~U[2025-05-13 21:56:56.095000Z]}, {:users, 5, "user5", "user5@example.com", "hash_user5", ~U[2025-05-13 21:56:56.026000Z]}]}[0m
[21:57:08] [35m[Deeper_Hub.Core.Data.Repository][0m [36m[TRACE] Transação bem-sucedida. Registros: [{:users, 14, "user14", "user14@example.com", "hash_user14", ~U[2025-05-13 21:56:56.100000Z]}, {:users, 9, "user9", "user9@example.com", "hash_user9", ~U[2025-05-13 21:56:56.064000Z]}, {:users, 8, "user8", "user8@example.com", "hash_user8", ~U[2025-05-13 21:56:56.051000Z]}, {:users, 1, "alice_updated", "alice.new@example.com", "new_hash_alice", ~U[2025-05-13 21:56:19.349000Z]}, {:users, 7, "user7", "user7@example.com", "hash_user7", ~U[2025-05-13 21:56:56.041000Z]}, {:users, 4, "user4", "user4@example.com", "hash_user4", ~U[2025-05-13 21:56:56.018000Z]}, {:users, 6, "user6", "user6@example.com", "hash_user6", ~U[2025-05-13 21:56:56.032000Z]}, {:users, 12, "user12", "user12@example.com", "hash_user12", ~U[2025-05-13 21:56:56.084000Z]}, {:users, 2, "bob", "bob@example.com", "hash_bob", ~U[2025-05-13 21:54:17.121000Z]}, {:users, 11, "user11", "user11@example.com", "hash_user11", ~U[2025-05-13 21:56:56.076000Z]}, {:users, 15, "user15", "user15@example.com", "hash_user15", ~U[2025-05-13 21:56:56.108000Z]}, {:users, 10, "user10", "user10@example.com", "hash_user10", ~U[2025-05-13 21:56:56.071000Z]}, {:users, 13, "user13", "user13@example.com", "hash_user13", ~U[2025-05-13 21:56:56.095000Z]}, {:users, 5, "user5", "user5@example.com", "hash_user5", ~U[2025-05-13 21:56:56.026000Z]}][0m
