[2025-05-13 19:39:19.164000Z] Falha na conexão com o banco de dados 
[2025-05-13 19:42:11Z] [35m[Deeper_Hub.Core.Logger][0m Falha na conexão com o banco de dados 
[2025-05-13 19:43:05Z] [35m[Deeper_Hub.Core.Logger][0m Falha na conexão com o banco de dados 
[20:37:07] [35m[Deeper_Hub.Core.Data.Repository][0m [31mFalha ao inserir registro na tabela users[0m reason={:bad_type, {:users, 1, "johndoe", "john@example.com"}} record={:users, 1, "johndoe", "john@example.com"}
[21:03:01] [35m[Deeper_Hub.Core.Data.Repository][0m [31mFalha ao buscar todos os registros: Tabela 'tabela_nao_existe' não encontrada ou informações faltando (record_name).[0m
[21:19:00] [35m[Deeper_Hub.Core.Data.Repository][0m [31mErro na transação Mnesia ao buscar todos os registros da tabela users: {:badarg, [:users, [{{{:users, :_, :_, :_, :_, :_}, [], [:"$_"]}}]]}[0m
[21:19:30] [35m[Deeper_Hub.Core.Data.Repository][0m [31mErro na transação Mnesia ao buscar todos os registros da tabela users: {:badarg, [:users, [{{{:users, :_, :_, :_, :_, :_}, [], [:"$_"]}}]]}[0m
[21:19:58] [35m[Deeper_Hub.Core.Data.Repository][0m [31mErro na transação Mnesia ao buscar todos os registros da tabela users: {:badarg, [:users, [{{{:users, :_, :_, :_, :_, :_}, [], [:"$_"]}}]]}[0m
[21:20:19] [35m[Deeper_Hub.Core.Data.Repository][0m [31mFalha ao buscar todos os registros: Tabela 'tabela_que_nao_existe' não encontrada ou informações faltando (record_name).[0m
[21:23:28] [35m[Deeper_Hub.Core.Data.Repository][0m [31mErro na transação Mnesia ao buscar todos os registros da tabela users: {:badarg, [:users, [{{{:users, :_, :_, :_, :_, :_}, [], [:"$_"]}}]]}[0m
[21:23:28] [35m[Deeper_Hub.Core.Data.Repository][0m [31mErro na transação Mnesia ao buscar todos os registros da tabela users: {:badarg, [:users, [{{{:users, :_, :_, :_, :_, :_}, [], [:"$_"]}}]]}[0m
[21:23:28] [35m[Deeper_Hub.Core.Data.Repository][0m [31mErro na transação Mnesia ao buscar todos os registros da tabela users: {:badarg, [:users, [{{{:users, :_, :_, :_, :_, :_}, [], [:"$_"]}}]]}[0m
[21:23:28] [35m[Deeper_Hub.Core.Data.Repository][0m [31mErro na transação Mnesia ao buscar todos os registros da tabela users: {:badarg, [:users, [{{{:users, :_, :_, :_, :_, :_}, [], [:"$_"]}}]]}[0m
[21:23:28] [35m[Deeper_Hub.Core.Data.Repository][0m [31mErro na transação Mnesia ao buscar todos os registros da tabela users: {:badarg, [:users, [{{{:users, :_, :_, :_, :_, :_}, [], [:"$_"]}}]]}[0m
[21:23:28] [35m[Deeper_Hub.Core.Data.Repository][0m [31mErro na transação Mnesia ao buscar todos os registros da tabela users: {:badarg, [:users, [{{{:users, :_, :_, :_, :_, :_}, [], [:"$_"]}}]]}[0m
[21:23:28] [35m[Deeper_Hub.Core.Data.Repository][0m [31mErro na transação Mnesia ao buscar todos os registros da tabela users: {:badarg, [:users, [{{{:users, :_, :_, :_, :_, :_}, [], [:"$_"]}}]]}[0m
[21:23:28] [35m[Deeper_Hub.Core.Data.Repository][0m [31mErro na transação Mnesia ao buscar todos os registros da tabela users: {:badarg, [:users, [{{{:users, :_, :_, :_, :_, :_}, [], [:"$_"]}}]]}[0m
[21:23:28] [35m[Deeper_Hub.Core.Data.Repository][0m [31mFalha ao buscar todos os registros: Tabela 'tabela_nao_existe' não encontrada ou informações faltando (record_name).[0m
[21:24:14] [35m[Deeper_Hub.Core.Data.Repository][0m [31mErro na transação Mnesia ao buscar todos os registros da tabela users: {:badarg, [:users, [{{{:users, :_, :_, :_, :_, :_}, [], [:"$_"]}}]]}[0m
[21:25:33] [35m[Deeper_Hub.Core.Data.Repository][0m [31mErro na transação Mnesia ao buscar todos os registros da tabela users: {:badarg, [:users, [{{{:users, :_, :_, :_, :_, :_}, [], [:"$_"]}}]]}[0m
[21:25:33] [35m[Deeper_Hub.Core.Data.Repository][0m [31mErro na transação Mnesia ao buscar todos os registros da tabela users: {:badarg, [:users, [{{{:users, :_, :_, :_, :_, :_}, [], [:"$_"]}}]]}[0m
[21:25:33] [35m[Deeper_Hub.Core.Data.Repository][0m [31mErro na transação Mnesia ao buscar todos os registros da tabela users: {:badarg, [:users, [{{{:users, :_, :_, :_, :_, :_}, [], [:"$_"]}}]]}[0m
[21:25:33] [35m[Deeper_Hub.Core.Data.Repository][0m [31mErro na transação Mnesia ao buscar todos os registros da tabela users: {:badarg, [:users, [{{{:users, :_, :_, :_, :_, :_}, [], [:"$_"]}}]]}[0m
[21:25:33] [35m[Deeper_Hub.Core.Data.Repository][0m [31mErro na transação Mnesia ao buscar todos os registros da tabela users: {:badarg, [:users, [{{{:users, :_, :_, :_, :_, :_}, [], [:"$_"]}}]]}[0m
[21:25:33] [35m[Deeper_Hub.Core.Data.Repository][0m [31mErro na transação Mnesia ao buscar todos os registros da tabela users: {:badarg, [:users, [{{{:users, :_, :_, :_, :_, :_}, [], [:"$_"]}}]]}[0m
[21:25:33] [35m[Deeper_Hub.Core.Data.Repository][0m [31mErro na transação Mnesia ao buscar todos os registros da tabela users: {:badarg, [:users, [{{{:users, :_, :_, :_, :_, :_}, [], [:"$_"]}}]]}[0m
[21:25:33] [35m[Deeper_Hub.Core.Data.Repository][0m [31mErro na transação Mnesia ao buscar todos os registros da tabela users: {:badarg, [:users, [{{{:users, :_, :_, :_, :_, :_}, [], [:"$_"]}}]]}[0m
[21:25:34] [35m[Deeper_Hub.Core.Data.Repository][0m [31mFalha ao buscar todos os registros: Tabela 'tabela_nao_existe' não encontrada ou informações faltando (record_name).[0m
[21:26:05] [35m[Deeper_Hub.Core.Data.Repository][0m [31mErro na transação Mnesia ao buscar todos os registros da tabela users: {:badarg, [:users, [{{{:users, :_, :_, :_, :_, :_}, [], [:"$_"]}}]]}[0m
[21:26:25] [35m[Deeper_Hub.Core.Data.Repository][0m [31mErro na transação Mnesia ao buscar todos os registros da tabela users: {:badarg, [:users, [{{{:users, :_, :_, :_, :_, :_}, [], [:"$_"]}}]]}[0m
[21:26:59] [35m[Deeper_Hub.Core.Data.Repository][0m [31mErro na transação Mnesia ao buscar todos os registros da tabela users: {:badarg, [:users, [{{{:users, :_, :_, :_, :_, :_}, [], [:"$_"]}}]]}[0m
[21:27:26] [35m[Deeper_Hub.Core.Data.Repository][0m [31mErro na transação Mnesia ao buscar todos os registros da tabela users: {:badarg, [:users, [{{{:users, :_, :_, :_, :_, :_}, [], [:"$_"]}}]]}[0m
[21:27:33] [35m[Deeper_Hub.Core.Data.Repository][0m [31mErro na transação Mnesia ao buscar todos os registros da tabela users: {:badarg, [:users, [{{{:users, :_, :_, :_, :_, :_}, [], [:"$_"]}}]]}[0m
[21:27:39] [35m[Deeper_Hub.Core.Data.Repository][0m [31mErro na transação Mnesia ao buscar todos os registros da tabela users: {:badarg, [:users, [{{{:users, :_, :_, :_, :_, :_}, [], [:"$_"]}}]]}[0m
[21:31:22] [35m[Deeper_Hub.Core.Data.Repository][0m [31mErro na transação Mnesia ao buscar todos os registros da tabela users: {:badarg, [:users, [{{{:users, :_, :_, :_, :_, :_}, [], [:"$_"]}}]]}[0m
[21:33:29] [35m[Deeper_Hub.Core.Data.Repository][0m [31m[TRACE] Erro na transação Mnesia (aborted): {:badarg, [:users, [{{{:users, :_, :_, :_, :_, :_}, [], [:"$_"]}}]]}[0m
[21:35:39] [35m[Deeper_Hub.Core.Data.Repository][0m [31m[TRACE] :mnesia.select/2 CAUSOU EXCEÇÃO:[0m
[21:35:39] [35m[Deeper_Hub.Core.Data.Repository][0m [31m[TRACE]   Kind: :exit[0m
[21:35:39] [35m[Deeper_Hub.Core.Data.Repository][0m [31m[TRACE]   Reason: {:aborted, {:badarg, [:users, [{{{:users, :_, :_, :_, :_, :_}, [], [:"$_"]}}]]}}[0m
[21:35:39] [35m[Deeper_Hub.Core.Data.Repository][0m [31m[TRACE]   Stacktrace: [{:mnesia, :abort, 1, [file: ~c"mnesia.erl", line: 683]}, {Deeper_Hub.Core.Data.Repository, :"-all/1-fun-0-", 1, [file: ~c"lib/Deeper_Hub/Core/Data/repository.ex", line: 253]}, {:mnesia_tm, :apply_fun, 3, [file: ~c"mnesia_tm.erl", line: 890]}, {:mnesia_tm, :execute_transaction, 5, [file: ~c"mnesia_tm.erl", line: 866]}, {Deeper_Hub.Core.Data.Repository, :all, 1, [file: ~c"lib/Deeper_Hub/Core/Data/repository.ex", line: 237]}, {:elixir, :eval_external_handler, 3, [file: ~c"src/elixir.erl", line: 386]}, {:erl_eval, :do_apply, 7, [file: ~c"erl_eval.erl", line: 919]}, {:elixir, :eval_forms, 4, [file: ~c"src/elixir.erl", line: 364]}][0m
[21:35:39] [35m[Deeper_Hub.Core.Data.Repository][0m [31m[TRACE] Transação abortada porque :mnesia.select/2 falhou: {:exit, {:aborted, {:badarg, [:users, [{{{:users, :_, :_, :_, :_, :_}, [], [:"$_"]}}]]}}}[0m
[21:48:56] [35m[Deeper_Hub.Core.Data.Repository][0m [31m[TRACE] :mnesia.select/2 CAUSOU EXCEÇÃO:[0m
[21:48:56] [35m[Deeper_Hub.Core.Data.Repository][0m [31m[TRACE]   Kind: :exit[0m
[21:48:56] [35m[Deeper_Hub.Core.Data.Repository][0m [31m[TRACE]   Reason: {:aborted, {:badarg, [:users, [{{{:users, :_, :_, :_, :_, :_}, [], [:"$0"]}}]]}}[0m
[21:48:56] [35m[Deeper_Hub.Core.Data.Repository][0m [31m[TRACE]   Stacktrace: [{:mnesia, :abort, 1, [file: ~c"mnesia.erl", line: 683]}, {Deeper_Hub.Core.Data.Repository, :"-all/1-fun-0-", 1, [file: ~c"lib/Deeper_Hub/Core/Data/repository.ex", line: 253]}, {:mnesia_tm, :apply_fun, 3, [file: ~c"mnesia_tm.erl", line: 890]}, {:mnesia_tm, :execute_transaction, 5, [file: ~c"mnesia_tm.erl", line: 866]}, {Deeper_Hub.Core.Data.Repository, :all, 1, [file: ~c"lib/Deeper_Hub/Core/Data/repository.ex", line: 237]}, {:elixir, :eval_external_handler, 3, [file: ~c"src/elixir.erl", line: 386]}, {:erl_eval, :do_apply, 7, [file: ~c"erl_eval.erl", line: 919]}, {:elixir, :eval_forms, 4, [file: ~c"src/elixir.erl", line: 364]}][0m
[21:48:56] [35m[Deeper_Hub.Core.Data.Repository][0m [31m[TRACE] Transação abortada porque :mnesia.select/2 falhou:
  Kind: :exit
  Reason: {:aborted, {:badarg, [:users, [{{{:users, :_, :_, :_, :_, :_}, [], [:"$0"]}}]]}}
  Stacktrace: [{:mnesia, :abort, 1, [file: ~c"mnesia.erl", line: 683]}, {Deeper_Hub.Core.Data.Repository, :"-all/1-fun-0-", 1, [file: ~c"lib/Deeper_Hub/Core/Data/repository.ex", line: 253]}, {:mnesia_tm, :apply_fun, 3, [file: ~c"mnesia_tm.erl", line: 890]}, {:mnesia_tm, :execute_transaction, 5, [file: ~c"mnesia_tm.erl", line: 866]}, {Deeper_Hub.Core.Data.Repository, :all, 1, [file: ~c"lib/Deeper_Hub/Core/Data/repository.ex", line: 237]}, {:elixir, :eval_external_handler, 3, [file: ~c"src/elixir.erl", line: 386]}, {:erl_eval, :do_apply, 7, [file: ~c"erl_eval.erl", line: 919]}, {:elixir, :eval_forms, 4, [file: ~c"src/elixir.erl", line: 364]}]
[0m
[21:49:25] [35m[Deeper_Hub.Core.Data.Repository][0m [31mFalha ao buscar registros na tabela users com match_spec[0m reason={:badarg, [:users, [{:users, :_, :_, :_, :_, :_}, [], [:"$_"]]]}
[21:49:30] [35m[Deeper_Hub.Core.Data.Repository][0m [31m[TRACE] :mnesia.select/2 CAUSOU EXCEÇÃO:[0m
[21:49:30] [35m[Deeper_Hub.Core.Data.Repository][0m [31m[TRACE]   Kind: :exit[0m
[21:49:30] [35m[Deeper_Hub.Core.Data.Repository][0m [31m[TRACE]   Reason: {:aborted, {:badarg, [:users, [{{{:users, :_, :_, :_, :_, :_}, [], [:"$0"]}}]]}}[0m
[21:49:30] [35m[Deeper_Hub.Core.Data.Repository][0m [31m[TRACE]   Stacktrace: [{:mnesia, :abort, 1, [file: ~c"mnesia.erl", line: 683]}, {Deeper_Hub.Core.Data.Repository, :"-all/1-fun-0-", 1, [file: ~c"lib/Deeper_Hub/Core/Data/repository.ex", line: 253]}, {:mnesia_tm, :apply_fun, 3, [file: ~c"mnesia_tm.erl", line: 890]}, {:mnesia_tm, :execute_transaction, 5, [file: ~c"mnesia_tm.erl", line: 866]}, {Deeper_Hub.Core.Data.Repository, :all, 1, [file: ~c"lib/Deeper_Hub/Core/Data/repository.ex", line: 237]}, {:elixir, :eval_external_handler, 3, [file: ~c"src/elixir.erl", line: 386]}, {:erl_eval, :do_apply, 7, [file: ~c"erl_eval.erl", line: 919]}, {:elixir, :eval_forms, 4, [file: ~c"src/elixir.erl", line: 364]}][0m
[21:49:30] [35m[Deeper_Hub.Core.Data.Repository][0m [31m[TRACE] Transação abortada porque :mnesia.select/2 falhou:
  Kind: :exit
  Reason: {:aborted, {:badarg, [:users, [{{{:users, :_, :_, :_, :_, :_}, [], [:"$0"]}}]]}}
  Stacktrace: [{:mnesia, :abort, 1, [file: ~c"mnesia.erl", line: 683]}, {Deeper_Hub.Core.Data.Repository, :"-all/1-fun-0-", 1, [file: ~c"lib/Deeper_Hub/Core/Data/repository.ex", line: 253]}, {:mnesia_tm, :apply_fun, 3, [file: ~c"mnesia_tm.erl", line: 890]}, {:mnesia_tm, :execute_transaction, 5, [file: ~c"mnesia_tm.erl", line: 866]}, {Deeper_Hub.Core.Data.Repository, :all, 1, [file: ~c"lib/Deeper_Hub/Core/Data/repository.ex", line: 237]}, {:elixir, :eval_external_handler, 3, [file: ~c"src/elixir.erl", line: 386]}, {:erl_eval, :do_apply, 7, [file: ~c"erl_eval.erl", line: 919]}, {:elixir, :eval_forms, 4, [file: ~c"src/elixir.erl", line: 364]}]
[0m
[21:50:46] [35m[Deeper_Hub.Core.Data.Repository][0m [31mFalha ao buscar registros na tabela users com match_spec[0m reason={:badarg, [:users, [{:_, :_, :_, :_, :_, :_}, [], [:"$_"]]]}
[21:51:23] [35m[Deeper_Hub.Core.Data.Repository][0m [31mFalha ao buscar registros na tabela users com match_spec[0m reason={:badarg, [:users, [{:_, :_, :_, :_, :_, :_}, [], [:"$_"]]]}
